<?xml version="1.0" encoding="UTF-8"?>
<!-- Generated by org.testng.reporters.JUnitXMLReporter -->
<testsuite ignored="0" hostname="PT-L163984" failures="0" tests="1" name="Default test" time="15.605" errors="0" timestamp="2023-06-14T08:50:27 WEST">
  <testcase classname="testCases.BasePage" name="@BeforeTest beforeTest" time="15.585">
    <failure type="java.lang.NullPointerException" message="Cannot invoke &amp;quot;org.openqa.selenium.WebElement.click()&amp;quot; because &amp;quot;accept_cookies&amp;quot; is null">
      <![CDATA[java.lang.NullPointerException: Cannot invoke "org.openqa.selenium.WebElement.click()" because "accept_cookies" is null
at pages.HomePage.acceptCookies(HomePage.java:75)
at testCases.BasePage.beforeTest(BasePage.java:64)
at java.base/jdk.internal.reflect.NativeMethodAccessorImpl.invoke0(Native Method)
at java.base/jdk.internal.reflect.NativeMethodAccessorImpl.invoke(NativeMethodAccessorImpl.java:77)
at java.base/jdk.internal.reflect.DelegatingMethodAccessorImpl.invoke(DelegatingMethodAccessorImpl.java:43)
at java.base/java.lang.reflect.Method.invoke(Method.java:568)
at org.testng.internal.MethodInvocationHelper.invokeMethod(MethodInvocationHelper.java:134)
at org.testng.internal.MethodInvocationHelper.invokeMethodConsideringTimeout(MethodInvocationHelper.java:63)
at org.testng.internal.ConfigInvoker.invokeConfigurationMethod(ConfigInvoker.java:348)
at org.testng.internal.ConfigInvoker.invokeConfigurations(ConfigInvoker.java:302)
at org.testng.TestRunner.invokeTestConfigurations(TestRunner.java:619)
at org.testng.TestRunner.beforeRun(TestRunner.java:609)
at org.testng.TestRunner.run(TestRunner.java:580)
at org.testng.SuiteRunner.runTest(SuiteRunner.java:384)
at org.testng.SuiteRunner.runSequentially(SuiteRunner.java:378)
at org.testng.SuiteRunner.privateRun(SuiteRunner.java:337)
at org.testng.SuiteRunner.run(SuiteRunner.java:286)
at org.testng.SuiteRunnerWorker.runSuite(SuiteRunnerWorker.java:53)
at org.testng.SuiteRunnerWorker.run(SuiteRunnerWorker.java:96)
at org.testng.TestNG.runSuitesSequentially(TestNG.java:1187)
at org.testng.TestNG.runSuitesLocally(TestNG.java:1109)
at org.testng.TestNG.runSuites(TestNG.java:1039)
at org.testng.TestNG.run(TestNG.java:1007)
at org.testng.remote.AbstractRemoteTestNG.run(AbstractRemoteTestNG.java:115)
at org.testng.remote.RemoteTestNG.initAndRun(RemoteTestNG.java:251)
at org.testng.remote.RemoteTestNG.main(RemoteTestNG.java:77)
]]>
    </failure>
  </testcase> <!-- @BeforeTest beforeTest -->
  <testcase classname="testCases.BasePage" name="@BeforeClass classLevelSetup" time="-1.686729027656E9">
    <skipped/>
  </testcase> <!-- @BeforeClass classLevelSetup -->
  <testcase classname="testCases.BasePage" name="@BeforeMethod methodLevelSetup" time="-1.686729027663E9">
    <skipped/>
  </testcase> <!-- @BeforeMethod methodLevelSetup -->
  <testcase classname="testCases.BasePage" name="@AfterMethod getResult" time="-1.686729027664E9">
    <skipped/>
  </testcase> <!-- @AfterMethod getResult -->
  <testcase classname="testCases.BasePage" name="@AfterTest afterTest" time="-1.686729027666E9">
    <skipped/>
  </testcase> <!-- @AfterTest afterTest -->
  <testcase classname="testCases.TestHome" name="TC_Validate_price_range_of_ClassA_is_in_range" time="0.0">
    <skipped/>
  </testcase> <!-- TC_Validate_price_range_of_ClassA_is_in_range -->
</testsuite> <!-- Default test -->
